# Incident History Log
# Format: [TIMESTAMP] SERVICE - BUG_TYPE - RESULT
# This log is used by the Resolution Protocol to track recurring issues

[2024-01-15T10:30:00Z] auth-service - syntax_error - Fixed: renamed 'conts' back to 'const'
[2024-01-16T14:22:00Z] payment-service - type_mismatch - Fixed: changed boolean to string
[2024-01-17T09:15:00Z] inventory-service - logic_error - Fixed: restored correct comparison operator
[2024-01-18T16:45:00Z] notification-service - missing_dependency - Fixed: restored 'express' dependency

# Post-Mortem Template
# When generating post-mortem, summarize:
# - Total incidents today
# - Most common bug type
# - Average resolution time
# - Services affected
# - Resolution success rate

[2026-05-09T08:59:24.303Z] CHAOS: auth-service - corrupted_json - File settings.json does not exist
[2026-05-09T09:00:19.004Z] CHAOS: inventory-service - type_mismatch - Injected type mismatch: src/index.ts (null -> undefined)
[2026-05-09T09:00:58.650Z] CHAOS: payment-service - type_mismatch - Injected type mismatch: src/index.ts (number -> boolean)[2026-05-09T09:03:35.962Z] CHAOS: notification-service - missing_dependency - Removed dependency: express
[2026-05-09T09:07:06.688Z] CHAOS: payment-service - corrupted_json - Corrupted JSON: config.json
[2026-05-09T09:08:00.000Z] payment-service - corrupted_json - Fixed: restored config.json
[2026-05-09T09:10:44.343Z] CHAOS: inventory-service - syntax_error - Injected syntax error: src/index.ts (const  -> conts )
[2026-05-09T09:12:50.319Z] CHAOS: auth-service - logic_error - Injected logic error: src/index.ts (== -> !=)
[2026-05-09T09:13:12.209Z] CHAOS: payment-service - syntax_error - Injected syntax error: src/index.ts (return -> retur)
[2026-05-09T09:22:32.468Z] CHAOS: inventory-service - missing_dependency - Removed dependency: express
[2026-05-09T09:31:02.681Z] CHAOS: inventory-service - corrupted_json - Corrupted JSON: config.json
[2026-05-09T10:40:00.000Z] inventory-service - corrupted_json - RESOLVED: restored config.json, regression tests passed
